<?xml version="1.0" encoding="UTF-8"?>
<testsuite name="JUnit Jupiter" tests="1" skipped="0" failures="0" errors="1" time="0.355" hostname="Nikos-MacBook-Air.local" timestamp="2025-10-18T15:11:54">
<properties>
<property name="apple.awt.application.name" value="ConsoleLauncher"/>
<property name="file.encoding" value="UTF-8"/>
<property name="file.separator" value="/"/>
<property name="ftp.nonProxyHosts" value="local|*.local|169.254/16|*.169.254/16"/>
<property name="http.nonProxyHosts" value="local|*.local|169.254/16|*.169.254/16"/>
<property name="java.class.path" value="/Users/nk/.local/share/nvim/neotest-java/junit-platform-console-standalone-1.10.1.jar"/>
<property name="java.class.version" value="69.0"/>
<property name="java.home" value="/opt/homebrew/Cellar/openjdk/25/libexec/openjdk.jdk/Contents/Home"/>
<property name="java.io.tmpdir" value="/var/folders/lg/dph1wt616pz21xb0cv_81w180000gn/T/"/>
<property name="java.library.path" value="/Users/nk/Library/Java/Extensions:/Library/Java/Extensions:/Network/Library/Java/Extensions:/System/Library/Java/Extensions:/usr/lib/java:."/>
<property name="java.runtime.name" value="OpenJDK Runtime Environment"/>
<property name="java.runtime.version" value="25"/>
<property name="java.specification.name" value="Java Platform API Specification"/>
<property name="java.specification.vendor" value="Oracle Corporation"/>
<property name="java.specification.version" value="25"/>
<property name="java.vendor" value="Homebrew"/>
<property name="java.vendor.url" value="https://github.com/Homebrew/homebrew-core/issues"/>
<property name="java.vendor.url.bug" value="https://github.com/Homebrew/homebrew-core/issues"/>
<property name="java.vendor.version" value="Homebrew"/>
<property name="java.version" value="25"/>
<property name="java.version.date" value="2025-09-16"/>
<property name="java.vm.compressedOopsMode" value="Zero based"/>
<property name="java.vm.info" value="mixed mode, sharing"/>
<property name="java.vm.name" value="OpenJDK 64-Bit Server VM"/>
<property name="java.vm.specification.name" value="Java Virtual Machine Specification"/>
<property name="java.vm.specification.vendor" value="Oracle Corporation"/>
<property name="java.vm.specification.version" value="25"/>
<property name="java.vm.vendor" value="Homebrew"/>
<property name="java.vm.version" value="25"/>
<property name="jdk.debug" value="release"/>
<property name="line.separator" value="
"/>
<property name="native.encoding" value="UTF-8"/>
<property name="os.arch" value="aarch64"/>
<property name="os.name" value="Mac OS X"/>
<property name="os.version" value="15.6.1"/>
<property name="path.separator" value=":"/>
<property name="socksNonProxyHosts" value="local|*.local|169.254/16|*.169.254/16"/>
<property name="spring.config.additional-location" value="optional:file:/Users/nk/Documents/repos/NibbleNow/backend/target/classes/classes/application.yml,optional:file:/Users/nk/Documents/repos/NibbleNow/backend/target/classes/classes/application.yaml,optional:file:/Users/nk/Documents/repos/NibbleNow/backend/target/classes/classes/application.properties,optional:file:/Users/nk/Documents/repos/NibbleNow/backend/target/classes/classes/application-test.yml,optional:file:/Users/nk/Documents/repos/NibbleNow/backend/target/classes/classes/application-test.yaml,optional:file:/Users/nk/Documents/repos/NibbleNow/backend/target/classes/classes/application-test.properties,optional:file:/Users/nk/Documents/repos/NibbleNow/backend/target/classes/test-classes/application.yml,optional:file:/Users/nk/Documents/repos/NibbleNow/backend/target/classes/test-classes/application.yaml,optional:file:/Users/nk/Documents/repos/NibbleNow/backend/target/classes/test-classes/application.properties,optional:file:/Users/nk/Documents/repos/NibbleNow/backend/target/classes/test-classes/application-test.yml,optional:file:/Users/nk/Documents/repos/NibbleNow/backend/target/classes/test-classes/application-test.yaml,optional:file:/Users/nk/Documents/repos/NibbleNow/backend/target/classes/test-classes/application-test.properties"/>
<property name="stderr.encoding" value="UTF-8"/>
<property name="stdin.encoding" value="UTF-8"/>
<property name="stdout.encoding" value="UTF-8"/>
<property name="sun.arch.data.model" value="64"/>
<property name="sun.boot.library.path" value="/opt/homebrew/Cellar/openjdk/25/libexec/openjdk.jdk/Contents/Home/lib"/>
<property name="sun.cpu.endian" value="little"/>
<property name="sun.io.unicode.encoding" value="UnicodeBig"/>
<property name="sun.java.command" value="/Users/nk/.local/share/nvim/neotest-java/junit-platform-console-standalone-1.10.1.jar execute @./target/classes/.cp --reports-dir=./target/classes/junit-reports/181025151153 --fail-if-no-tests --disable-banner --details=testfeed --config=junit.platform.output.capture.stdout=true --select-method=com.nibblenow.app.OrderUpdateServiceTest#removeOrderValid"/>
<property name="sun.java.launcher" value="SUN_STANDARD"/>
<property name="sun.jnu.encoding" value="UTF-8"/>
<property name="sun.management.compiler" value="HotSpot 64-Bit Tiered Compilers"/>
<property name="user.country" value="US"/>
<property name="user.dir" value="/Users/nk/Documents/repos/NibbleNow"/>
<property name="user.home" value="/Users/nk"/>
<property name="user.language" value="en"/>
<property name="user.name" value="nk"/>
<property name="user.timezone" value="America/New_York"/>
</properties>
<testcase name="removeOrderValid()" classname="com.nibblenow.app.OrderUpdateServiceTest" time="0.343">
<error type="java.util.ConcurrentModificationException"><![CDATA[java.util.ConcurrentModificationException
	at java.base/java.util.ArrayList$Itr.checkForComodification(ArrayList.java:1096)
	at java.base/java.util.ArrayList$Itr.next(ArrayList.java:1050)
	at com.nibblenow.app.services.OrderUpdateService.cancelOrder(OrderUpdateService.java:16)
	at com.nibblenow.app.OrderUpdateServiceTest.removeOrderValid(OrderUpdateServiceTest.java:50)
	at java.base/java.lang.reflect.Method.invoke(Method.java:565)
	at java.base/java.util.ArrayList.forEach(ArrayList.java:1604)
	at java.base/java.util.ArrayList.forEach(ArrayList.java:1604)
]]></error>
<system-out><![CDATA[
unique-id: [engine:junit-jupiter]/[class:com.nibblenow.app.OrderUpdateServiceTest]/[method:removeOrderValid()]
display-name: removeOrderValid()
]]></system-out>
</testcase>
<system-out><![CDATA[
unique-id: [engine:junit-jupiter]
display-name: JUnit Jupiter
]]></system-out>
</testsuite>
