<?xml version="1.0" encoding="UTF-8"?>
<testsuite name="JUnit Vintage" tests="0" skipped="0" failures="0" errors="0" time="0" hostname="Nikos-MacBook-Air.local" timestamp="2025-10-18T16:32:02">
<properties>
<property name="apple.awt.application.name" value="ConsoleLauncher"/>
<property name="file.encoding" value="UTF-8"/>
<property name="file.separator" value="/"/>
<property name="ftp.nonProxyHosts" value="local|*.local|169.254/16|*.169.254/16"/>
<property name="http.nonProxyHosts" value="local|*.local|169.254/16|*.169.254/16"/>
<property name="java.class.path" value="/Users/nk/.local/share/nvim/neotest-java/junit-platform-console-standalone-1.10.1.jar"/>
<property name="java.class.version" value="69.0"/>
<property name="java.home" value="/opt/homebrew/Cellar/openjdk/25/libexec/openjdk.jdk/Contents/Home"/>
<property name="java.io.tmpdir" value="/var/folders/lg/dph1wt616pz21xb0cv_81w180000gn/T/"/>
<property name="java.library.path" value="/Users/nk/Library/Java/Extensions:/Library/Java/Extensions:/Network/Library/Java/Extensions:/System/Library/Java/Extensions:/usr/lib/java:."/>
<property name="java.runtime.name" value="OpenJDK Runtime Environment"/>
<property name="java.runtime.version" value="25"/>
<property name="java.specification.name" value="Java Platform API Specification"/>
<property name="java.specification.vendor" value="Oracle Corporation"/>
<property name="java.specification.version" value="25"/>
<property name="java.vendor" value="Homebrew"/>
<property name="java.vendor.url" value="https://github.com/Homebrew/homebrew-core/issues"/>
<property name="java.vendor.url.bug" value="https://github.com/Homebrew/homebrew-core/issues"/>
<property name="java.vendor.version" value="Homebrew"/>
<property name="java.version" value="25"/>
<property name="java.version.date" value="2025-09-16"/>
<property name="java.vm.compressedOopsMode" value="Zero based"/>
<property name="java.vm.info" value="mixed mode, sharing"/>
<property name="java.vm.name" value="OpenJDK 64-Bit Server VM"/>
<property name="java.vm.specification.name" value="Java Virtual Machine Specification"/>
<property name="java.vm.specification.vendor" value="Oracle Corporation"/>
<property name="java.vm.specification.version" value="25"/>
<property name="java.vm.vendor" value="Homebrew"/>
<property name="java.vm.version" value="25"/>
<property name="jdk.debug" value="release"/>
<property name="line.separator" value="
"/>
<property name="native.encoding" value="UTF-8"/>
<property name="os.arch" value="aarch64"/>
<property name="os.name" value="Mac OS X"/>
<property name="os.version" value="15.6.1"/>
<property name="path.separator" value=":"/>
<property name="socksNonProxyHosts" value="local|*.local|169.254/16|*.169.254/16"/>
<property name="spring.config.additional-location" value="optional:file:/Users/nk/Documents/repos/NibbleNow/backend/target/classes/classes/application.yml,optional:file:/Users/nk/Documents/repos/NibbleNow/backend/target/classes/classes/application.yaml,optional:file:/Users/nk/Documents/repos/NibbleNow/backend/target/classes/classes/application.properties,optional:file:/Users/nk/Documents/repos/NibbleNow/backend/target/classes/classes/application-test.yml,optional:file:/Users/nk/Documents/repos/NibbleNow/backend/target/classes/classes/application-test.yaml,optional:file:/Users/nk/Documents/repos/NibbleNow/backend/target/classes/classes/application-test.properties,optional:file:/Users/nk/Documents/repos/NibbleNow/backend/target/classes/test-classes/application.yml,optional:file:/Users/nk/Documents/repos/NibbleNow/backend/target/classes/test-classes/application.yaml,optional:file:/Users/nk/Documents/repos/NibbleNow/backend/target/classes/test-classes/application.properties,optional:file:/Users/nk/Documents/repos/NibbleNow/backend/target/classes/test-classes/application-test.yml,optional:file:/Users/nk/Documents/repos/NibbleNow/backend/target/classes/test-classes/application-test.yaml,optional:file:/Users/nk/Documents/repos/NibbleNow/backend/target/classes/test-classes/application-test.properties"/>
<property name="stderr.encoding" value="UTF-8"/>
<property name="stdin.encoding" value="UTF-8"/>
<property name="stdout.encoding" value="UTF-8"/>
<property name="sun.arch.data.model" value="64"/>
<property name="sun.boot.library.path" value="/opt/homebrew/Cellar/openjdk/25/libexec/openjdk.jdk/Contents/Home/lib"/>
<property name="sun.cpu.endian" value="little"/>
<property name="sun.io.unicode.encoding" value="UnicodeBig"/>
<property name="sun.java.command" value="/Users/nk/.local/share/nvim/neotest-java/junit-platform-console-standalone-1.10.1.jar execute @./target/classes/.cp --reports-dir=./target/classes/junit-reports/181025163201 --fail-if-no-tests --disable-banner --details=testfeed --config=junit.platform.output.capture.stdout=true --select-method=com.nibblenow.app.CartUpdateServiceTest#customerAddItemToValidEmptyCart --select-method=com.nibblenow.app.CartUpdateServiceTest#customerAddItemToOrderValidNotEmptyCart --select-method=com.nibblenow.app.CartUpdateServiceTest#customerAddItemToOrderValidMaxItems --select-method=com.nibblenow.app.CartUpdateServiceTest#customerAddItemToOrderInvalidMoreThanMax --select-method=com.nibblenow.app.CartUpdateServiceTest#testCustomerRemoveItemFromOrderValidOneItem --select-method=com.nibblenow.app.CartUpdateServiceTest#testCustomerRemoveItemFromOrderValidMultipleItems --select-method=com.nibblenow.app.CartUpdateServiceTest#testCustomerRemoveItemFromOrderInvalidNoItems --select-method=com.nibblenow.app.CartUpdateServiceTest#submitOrderTestStub --select-method=com.nibblenow.app.CartUpdateServiceTest#submitOrderOneValidItem --select-method=com.nibblenow.app.CartUpdateServiceTest#submitOrderMultipleValidItem --select-method=com.nibblenow.app.CartUpdateServiceTest#submitOrderEmptyCart --select-method=com.nibblenow.app.CartUpdateServiceTest#assignDriverValid --select-method=com.nibblenow.app.CartUpdateServiceTest#assignDriverNoneExist --select-method=com.nibblenow.app.LoginServiceTest#userExistsValidPassword --select-method=com.nibblenow.app.LoginServiceTest#userExistsInvalidPassword --select-method=com.nibblenow.app.LoginServiceTest#invalidUser --select-method=com.nibblenow.app.LoginServiceTest#userExistsNoUsername --select-method=com.nibblenow.app.LoginServiceTest#userExistsNoPassword --select-method=com.nibblenow.app.MenuUpdateServiceTest#addItemTestStub --select-method=com.nibblenow.app.MenuUpdateServiceTest#addItemValid --select-method=com.nibblenow.app.MenuUpdateServiceTest#addItemNameMinLength --select-method=com.nibblenow.app.MenuUpdateServiceTest#addItemNameMaxLength --select-method=com.nibblenow.app.MenuUpdateServiceTest#addItemNameEmpty --select-method=com.nibblenow.app.MenuUpdateServiceTest#addItemNameBelowMinLength --select-method=com.nibblenow.app.MenuUpdateServiceTest#addItemNameAboveMaxLength --select-method=com.nibblenow.app.MenuUpdateServiceTest#addItemDescriptionMinLength --select-method=com.nibblenow.app.MenuUpdateServiceTest#addItemDescriptionMaxLength --select-method=com.nibblenow.app.MenuUpdateServiceTest#addItemDescriptionAboveMaxLength --select-method=com.nibblenow.app.MenuUpdateServiceTest#remoteItemTestStub --select-method=com.nibblenow.app.MenuUpdateServiceTest#removeItemValid --select-method=com.nibblenow.app.MenuUpdateServiceTest#removeItemNotExist --select-method=com.nibblenow.app.MenuUpdateServiceTest#removeItemEmptyName --select-method=com.nibblenow.app.MenuUpdateServiceTest#editItemTestStub --select-method=com.nibblenow.app.MenuUpdateServiceTest#editItemValid --select-method=com.nibblenow.app.MenuUpdateServiceTest#editItemNameMinLength --select-method=com.nibblenow.app.MenuUpdateServiceTest#editItemNameMaxLength --select-method=com.nibblenow.app.MenuUpdateServiceTest#editItemNameEmpty --select-method=com.nibblenow.app.MenuUpdateServiceTest#editItemNameBelowMinLength --select-method=com.nibblenow.app.MenuUpdateServiceTest#editItemNameAboveMaxLength --select-method=com.nibblenow.app.MenuUpdateServiceTest#editItemDescriptionMinLength --select-method=com.nibblenow.app.MenuUpdateServiceTest#editItemDescriptionMaxLength --select-method=com.nibblenow.app.MenuUpdateServiceTest#editItemDescriptionAboveMaxLength --select-method=com.nibblenow.app.OrderUpdateServiceTest#removeOrderValid --select-method=com.nibblenow.app.RegisterServiceTest#testCheckLength --select-method=com.nibblenow.app.RegisterServiceTest#testCheckSpecialChar --select-method=com.nibblenow.app.RegisterServiceTest#testCheckUpperCase --select-method=com.nibblenow.app.RegisterServiceTest#testUserCreateAccountValidMinUsername --select-method=com.nibblenow.app.RegisterServiceTest#testUserCreateAccountValidMaxUsername --select-method=com.nibblenow.app.RegisterServiceTest#testUserCreateAccountInvalidMinUsername --select-method=com.nibblenow.app.RegisterServiceTest#testUserCreateAccountInvalidMaxUsername --select-method=com.nibblenow.app.RegisterServiceTest#testUserCreateAccountInvalidContainsSpaceUsername --select-method=com.nibblenow.app.RegisterServiceTest#testUserCreateAccountInvalidContainsSpecialUsername --select-method=com.nibblenow.app.RegisterServiceTest#testUserCreateAccountInvalidNotUniqueUsername --select-method=com.nibblenow.app.RegisterServiceTest#testUserCreateAccountInvalidNotUniqueRoleUsername --select-method=com.nibblenow.app.RegisterServiceTest#testUserCreateAccountInvalidNoUsernameUsername --select-method=com.nibblenow.app.RegisterServiceTest#testUserCreateAccountValidPasswordMin --select-method=com.nibblenow.app.RegisterServiceTest#testUserCreateAccountValidPasswordMax --select-method=com.nibblenow.app.RegisterServiceTest#testUserCreateAccountValidPasswordUpper --select-method=com.nibblenow.app.RegisterServiceTest#testUserCreateAccountInvalidMinPassword --select-method=com.nibblenow.app.RegisterServiceTest#testUserCreateAccountInvalidMaxPassword --select-method=com.nibblenow.app.RegisterServiceTest#testUserCreateAccountInvalidNoUppercasePassword --select-method=com.nibblenow.app.RegisterServiceTest#testUserCreateAccountInvalidContainsSpacePassword --select-method=com.nibblenow.app.RegisterServiceTest#testUserCreateAccountInvalidContainsSpecialPassword --select-method=com.nibblenow.app.RegisterServiceTest#testUserCreateAccountInvalidEmptyPasswordPassword --select-method=com.nibblenow.app.RegisterServiceTest#testUserCreateAccountInvalidSelectRole --select-method=com.nibblenow.app.TestGetServiceTest#testMethod --select-method=com.nibblenow.app.TestPostServiceTest#testMethod"/>
<property name="sun.java.launcher" value="SUN_STANDARD"/>
<property name="sun.jnu.encoding" value="UTF-8"/>
<property name="sun.management.compiler" value="HotSpot 64-Bit Tiered Compilers"/>
<property name="user.country" value="US"/>
<property name="user.dir" value="/Users/nk/Documents/repos/NibbleNow"/>
<property name="user.home" value="/Users/nk"/>
<property name="user.language" value="en"/>
<property name="user.name" value="nk"/>
<property name="user.timezone" value="America/New_York"/>
</properties>
<system-out><![CDATA[
unique-id: [engine:junit-vintage]
display-name: JUnit Vintage
]]></system-out>
</testsuite>
